<?xml version="1.0" encoding="UTF-8"?>
<testsuite name="tests.RegistrationFormTests" tests="1" skipped="0" failures="0" errors="0" timestamp="2024-10-06T10:44:13" hostname="DESKTOP-11JKOJK" time="13.907">
  <properties/>
  <testcase name="fillRegistrationFormTest()" classname="tests.RegistrationFormTests" time="13.907"/>
  <system-out><![CDATA[]]></system-out>
  <system-err><![CDATA[[Test worker] INFO com.codeborne.selenide.impl.WebDriverThreadLocalContainer - No webdriver is bound to current thread: 1 - let's create a new webdriver
[Test worker] INFO com.codeborne.selenide.impl.FileHelper - Creating folder: C:\QAGURU\qaquru-homework-7\build\downloads\1728211453192_16312_1
окт. 06, 2024 1:44:20 PM org.openqa.selenium.devtools.CdpVersionFinder findNearestMatch
WARNING: Unable to find an exact match for CDP version 129, returning the closest version; found: 128; Please update to a Selenium version that supports CDP version 129
[Test worker] INFO com.codeborne.selenide.webdriver.WebDriverFactory - BrowserName=chrome Version=129.0.6668.90 Platform=windows
[Test worker] INFO com.codeborne.selenide.webdriver.WebDriverFactory - Selenide v. 7.4.3
[Test worker] INFO com.codeborne.selenide.webdriver.WebDriverFactory - Selenium WebDriver v. 4.24.0 build revision: 748ffc9bc3
[Test worker] INFO com.codeborne.selenide.drivercommands.CreateDriverCommand - Created webdriver in thread 1: ChromeDriver -> ChromeDriver: chrome on windows (d54b8cce058c401dab63890b28e05026), downloadsFolder: C:\QAGURU\qaquru-homework-7\build\downloads\1728211453192_16312_1
[Test worker] INFO com.codeborne.selenide.drivercommands.DisposablesRegistry - Register WebDriverInstance[config=StaticConfig, webDriver=ChromeDriver: chrome on windows (d54b8cce058c401dab63890b28e05026), proxy=null, downloadsFolder=C:\QAGURU\qaquru-homework-7\build\downloads\1728211453192_16312_1] in 1 [size=1]
[Test worker] INFO com.codeborne.selenide.drivercommands.DisposablesRegistry - Add shutdown hook in 1 [size=1]
[Test worker] INFO com.codeborne.selenide.impl.FileHelper - Deleted empty folder: C:\QAGURU\qaquru-homework-7\build\downloads\1728211453192_16312_1
[Test worker] INFO com.codeborne.selenide.drivercommands.CloseDriverCommand - Close webdriver: 1 -> ChromeDriver: chrome on windows (d54b8cce058c401dab63890b28e05026)...
[Test worker] INFO com.codeborne.selenide.drivercommands.CloseDriverCommand - Closed webdriver 1 in 289 ms
[Test worker] INFO com.codeborne.selenide.drivercommands.DisposablesRegistry - Unregister WebDriverInstance[config=StaticConfig, webDriver=ChromeDriver: chrome on windows (null), proxy=null, downloadsFolder=C:\QAGURU\qaquru-homework-7\build\downloads\1728211453192_16312_1] in 1 [size=0]
]]></system-err>
</testsuite>
